-------------------------------------------------------------------------------
Test set: test.java.ru.yandex.practicum.catsgram.CatsgramApplicationTests
-------------------------------------------------------------------------------
Tests run: 1, Failures: 0, Errors: 1, Skipped: 0, Time elapsed: 0.143 s <<< FAILURE! - in test.java.ru.yandex.practicum.catsgram.CatsgramApplicationTests
test.java.ru.yandex.practicum.catsgram.CatsgramApplicationTests  Time elapsed: 0.142 s  <<< ERROR!
java.lang.IllegalStateException: Unable to find a @SpringBootConfiguration, you need to use @ContextConfiguration or @SpringBootTest(classes=...) with your test

